<?xml version="1.0" encoding="UTF-8"?>
<!-- Generated by org.testng.reporters.JUnitReportReporter -->
<testsuite skipped="0" hostname="pooja" name="Appium_Assignment.Reporting" tests="1" failures="0" timestamp="16 Dec 2020 09:13:46 GMT" time="34.760" errors="0">
  <testcase name="eBayProductAddition" time="34.760" classname="Appium_Assignment.Reporting"/>
</testsuite> <!-- Appium_Assignment.Reporting -->
