<?xml version="1.0" encoding="UTF-8"?>
<!-- Generated by org.testng.reporters.JUnitReportReporter -->
<testsuite skipped="0" hostname="pooja" name="Appium_Assignment.Appium_Test" tests="1" failures="0" timestamp="11 Dec 2020 14:36:05 GMT" time="58.298" errors="0">
  <testcase name="eBay" time="58.298" classname="Appium_Assignment.Appium_Test"/>
</testsuite> <!-- Appium_Assignment.Appium_Test -->
