<?xml version="1.0" encoding="UTF-8"?>
<!-- Generated by org.testng.reporters.JUnitReportReporter -->
<testsuite skipped="0" hostname="pooja" name="Appium_Assignment.Appium_Test" tests="1" failures="0" timestamp="16 Dec 2020 09:15:30 GMT" time="34.668" errors="0">
  <testcase name="eBayProductAddition" time="34.668" classname="Appium_Assignment.Appium_Test"/>
</testsuite> <!-- Appium_Assignment.Appium_Test -->
